500
439 9966 7988 3579 3176 4112 9279 1467 6452 5667 5368 2240 2962 79 321 2 5715 935 1668 3012 2555 8994 9968 9007 6613 2288 7153 7652 3894 9533 6938 427 5962 3074 7949 7762 3936 5412 2986 4199 3877 979 7699 8125 3982 9244 9842 5880 7438 2643 7883 1774 8491 5762 5748 2121 9545 6547 6101 7413 8387
444 8228 7494 4675 1778 1696 5756 6794 342 8455 268 5925 9903 5899 7296 1299 4035 8134 4855 4020 5340 6827 7120 8406 5507 6258 2340 745 1534 4314 4901 1984 6327 7240 3830 8005 9848 3836
464 8499 5951 9482 1334 7847 2990 1689 2855 6243 6263 6327 3032 6692 4326 2327 5869 569 259 3758 9075 1979 6030 5064 6054 3543 7709 8644 447 9129 5437
418 4122 2363 4348 6407 7685 1111 8902 7428 6191 7732 8293 4352 5848 6021 4765 412 7880 352 8431 6538 2155 6584 5219 3371 2013
465 7518 3591 936 2511 7286 5215 1182 1811 9199 1625 8711 3144 1105 6534 7429 3023 7997 8130 1238 3103 4340
476 1382 3205 199 4984 7811 8735 6521 8477 6429 6637 6673 3075 4985 5307 183 3521 8812 3163 1343 6537 3783 9930 7575 238
377 8650 7987 9569 2398 3610 2736 5865 3761 904 5684 4879 3410 7131 8223 4664 7517 7736 3376 5677 1134 1429 4909 9903 9270 8716
96 8186 5467 1067 3963 1600 700 9028 827 8307 2722 9434 148 4176 6672 6635 3602 3885 9139 6134 9224 6778 9453
306 4264 2194 1785 6025 1835 6869 1760 4286 9862 2155 9674 8471 3555 4998 3316 4377 925 4311 9834 6049 5458 9301 8043 199
445 9287 7951 5206 3948 6355 3648 4835 3676 3324 9421 7325 1125 9197 1117 9299 3728 8722 3584 2892 2666
69 4412 8765 4655 6201 8521 9721 8714 9466 3978 6413 3586 8671 6044 1121 7864 9013 9615 7055 5445
143 9705 3656 7880 9066 3349 974 1417 547 6075 7683 9861 5703 6469 8193 8284 4527 8910 420 2615 7266 1383
364 6106 2394 8074 1304 4285 7040 4975 3533 6757 7791 4232 5462 309 7751 6810 3111 4531 2904 8470 6986 8830 205 6467
433 2235 1375 3916 2606 6648 8842 7231 4950 6613 5905 162 6349 8217 7219 5643 7713 450 9160 4341 2704
43 6557 7012 4362 1220 9784 8527 7248 6014 1017 652 8570 8138 6404 3753 5322 1524 4679 4728 8212
394 6713 307 5271 6771 6546 3170 3776 1921 8510 3065 6482 7852 7285 3077 1763 6458 4624
168 8890 4036 2897 5234 3429 6188 502 6954 6051 7543 6700 1399 5193 5946 6082 2630 8495 5248 2685 1454 9990
208 8617 9845 6531 5347 4295 1530 4772 33 2060 2582 1752 6141 5341 8663 9265 2790
468 7464 6815 1472 6437 1358 5545 7583 5908 5286 6792 2388 8553 5099 2114 1058 4958 7133 7001
494 1234 7732 357 5943 449 861 18 2594 1080 2429 7659 7869 3641 2437 3232 1496 5326 8116 7759
277 2166 5092 3699 4103 5853 4425 3863 2580 873 7462 838 8832 311 6296 5775 625
308 6690 5144 1018 7279 3618 3615 7764 7902 5862 2422 1353 732 5446
50 6896 7155 7976 3465 8170 2302 3296 9597 1376 9833 9374 9404 1731 9573 8062
349 8810 7128 82 8833 3551 7119 5540 1134 4281 9206 6257 3005 5501 2182 1956 8498 6161 8462
485 2864 4746 6297 1767 4009 5570 6489 6845 538 1557 8794 7968 105 6712
480 3853 2957 1363 1005 4339 3177 9296 2623 4614 7534 3207 585 2792 1289 139 6465 843 6470
393 2420 9210 9204 5946 630 3785 6270 124 5558 5656 6213 9645 1784 1042 647 4824 1149
91 9859 1420 221 5972 5049 468 4767 563 4830 5156 6020 2128 9669
270 5912 548 3134 4936 8702 8038 5134 3813 8193 7836 6174 9669 5430 2456 5917 9461 84 3006
20 6286 9747 5652 8203 150 3523 1956 7408 3 8758 76 3377 2052 8487
49 7605 9187 1168 8249 2329 9610 9895 882 9876 3409 3789 2480 369 3004 399
437 8576 180 2221 3231 4186 4651 9379 6264 1720 2088 2264 3792 7782 4180
303 4758 7535 9627 6681 2904 5960 4000 650 5947 8654 7336 7822 4245 4170 1871 7791 8105
373 2317 9331 7672 6210 4583 553 2772 1031 1929 8338 9262 7545 4967 9178 6967
146 8681 3655 1668 7783 1541 2353 3116 8736 8762 7745 5027 2018 7586 8069 3261 9852 753
127 5743 6002 1198 3288 5515 8528 9838 2467 9 1431 7088 1216 1750 1934
254 5052 2081 4404 4853 7839 3280 7552 7456 8115 764 7026 6014 847 1670 780
371 480 6685 6814 5717 1959 6377 4049 1853 5813 5094 6001 6075 3981 2407 7992 9607
144 5176 4783 8103 7412 6616 71 3955 2092 8912 153 1465 3241 6170 374 7
84 6449 3069 6388 7581 3061 8350 3111 6153 6166 8792 1567 1773 2684 8092 2175 116 7179
15 5929 5535 8483 3453 4814 8683 8098 9827 6956 2856 5661 7669 9138 5821
158 5195 751 3265 682 7641 6273 1410 8213 3461 8428 1297 5175 5053 4107
388 5534 8217 1328 8756 9901 4278 1075 9461 3630 8620 5993 9303 5290 6089 1301 2325 3083 1429 6374 6187 4786 4539
360 7560 7955 3398 8286 1691 6710 6738 9283 1388 7775 9147 9483 9731 6611
111 6395 2959 2272 4736 8362 7561 2199 2624 6574 7413 7151 4400 3427 8396
401 3370 5939 558 5500 2021 732 2992 6376 8974 176 4130 4475 9259 7012 2414 9043
389 370 2717 451 4582 3209 9264 800 3318 166 1365 2858 1145 2533
100 2256 1906 2952 4747 1207 8542 1180 5477 4151 8235 200
195 2145 2576 5429 2278 2207 7730 9014 5346 744 7165 9429 3700 463 3101 6920 4027 5788
435 1650 5859 5037 158 436 5790 7044 8135 7460 3651 6387 8131 5078 6153 5386 1710
216 7894 5491 4687 3604 636 2336 4431 8024 3275 6587 4783 5129 5783 4129 5451
347 4502 7393 8146 644 2465 7570 3627 955 8699 5312 6076 2217 1396 8055 300 1256 2898
399 2989 157 464 9186 9077 1533 2894 9965 7226 1002 1097 3964 2773 8920
406 9166 7723 2825 4091 7312 1579 1895 7360 2858 839 4213 1436 2943 5784 7806
305 2495 6037 8386 4214 6717 381 4119 2814 1340 9496 4837 4294 4786 4203 9023 2662 7751
311 6968 291 3887 97 3620 7916 5363 8997 77 6681 3379 4526 3395
482 6126 8659 2090 4625 98 7773 8910 1461 3603 3354 3482 63 8279 8427 6196 4362 9086
301 3562 4347 722 5056 2711 8216 621 56 3803 3271 714 4907 7050 3567 6903 650 3158 6360
62 542 9898 7485 6231 1962 2123 3970 1527 8052 1383 5179 8767 3192 9931 3106 3113
88 7801 731 1109 888 5660 1345 3050 4013 2874 6707 773 8814 456 397 7456 4286 476
11 7340 5704 360 8140 8615 8674 3843 7434 2764 5769 4929 3766 9144 6889 8512 1647
139 165 8764 6636 7673 3850 6964 1041 6301 3225 4397 5450 4496 1948 2171 2240 7919 1476
60 9408 4554 7447 2548 5666 7582 1622 8298 813 977 5857 8157 1791 4971 8209 6270
33 4383 8878 4166 3188 6042 1081 4277 247 115 4444 6139 3146 1318 3226 4692 2439 4385
166 6578 3352 587 1379 5269 5129 4559 5226 8992 7194 8188 7365 6428 5752
382 3165 9433 3174 831 8181 8051 9436 5016 6097 1587 4674 8658 9979 8848
27 8916 7884 639 7969 6269 7909 7186 133 3885 8444 331 4628 1800 3905 208
384 6239 2282 6161 6504 580 4331 4843 4476 7838 7657 8507 1790 951
400 4376 2028 7060 3382 2136 2984 3739 7224 446 5406 5174 6380 9465 7874
66 8559 5371 8014 3561 5125 1122 7409 5907 167 1196 5913 2876 7426 5553 4801 1601
261 6150 5424 9510 9874 1056 8853 2005 3325 5431 8782 918 7870 6453 7146 135 8343
322 9707 3233 3802 297 6905 8627 3747 7202 1049 3521 7743 6222 9926 467 7335 7481 1571
121 8921 1783 2197 421 4851 2693 4070 6372 3031 8069 989 3914 8345
160 2249 4565 243 3319 7255 4537 6110 7604 1453 574 5162 9188 4893 802 9451 7206 9444
281 8951 9679 9396 6924 1924 9782 4623 5186 7287 3234 2613 5005 776 443
351 1313 5289 8059 4935 1257 4665 5870 4478 9933 8593 3607 3883 6306 3944
30 2356 3682 8854 4533 4908 953 9398 4891 1425 6659 7199 2601 8183 6608
260 2070 2149 4332 6694 6650 6289 9590 4390 1146 7689 132 6067 719
97 362 9295 4667 1937 134 9471 8608 5675 4135 6143 7253 3842 1348 7320
230 593 5878 2611 7038 6811 116 8309 1656 9568 6482 2662 6431 7121 3285 6029
156 7694 3662 2175 7551 2541 5031 29 3947 7774 4635 3875 2693 3089 2005
320 7017 7347 1070 4088 2802 6393 3675 9094 5702 5108 3811 8619 1044 9008 4501
489 8502 824 538 8832 5893 5255 6950 906 1858 2374 9425 9942 5270 811 3545 8227 8484
118 2399 5606 2037 2248 3794 8880 2985 4349 2877 7623 2472 6687 3541
185 4073 1763 8823 9621 359 7122 1130 8574 6062 6978 9011 6456 2196 3240 2875
120 7237 8888 7048 5387 4087 2115 9595 6900 2138 1303 2048 993 5547 6698 4457 9107
113 3109 9902 707 5081 5327 4289 1639 8996 8738 8696 5216 7101 6460 8121 4647
250 2418 8630 7177 3767 1194 5227 2746 7296 5061 8158 9071 8530 9347 6734 8841 9443
499 3480 4373 3414 92 2727 3529 6549 9546 5983 8528 2322
162 4902 9732 3744 4955 6933 7107 6031 5772 971 5132 1358 5902
231 8454 7469 1920 2584 2351 6612 7614 1052 7606 6650 3047 7053 2983
442 5882 6467 2836 6136 1704 1605 6290 1751 9549 4128 1833 863 9010 991 9467
297 8959 6227 528 6822 3990 1250 9335 60 819 3161 7135 1846 2817 2349 221
419 1489 782 2055 5121 7365 5331 4609 860 5213 2783 3807 4692 2426 7872 4937 930 6978 9659
48 1665 8973 4126 2896 3132 3755 3531 1147 1042 5166 2767 2571 1495 6545 5072
58 9291 6653 349 3581 6129 4071 897 5788 3820 2886 8975 1521 6676 2001 6250 8982 7845 7710
497 5514 8839 3420 2042 3572 600 1209 6361 8704 6817 7023 3408 3504 395 5097
71 6185 9168 1419 7457 7265 3565 5282 670 3876 8803 2603 1479 8140 952
167 1152 701 9438 1896 6345 1734 7461 8599 5674 8787 8391 4752 6970 9637 8220 552 7795
108 1386 7192 1284 1769 6793 5911 1562 7627 6320 4435 9283 8883 7204
463 198 9135 1063 3793 2147 8597 4944 3471 3891 8555 1401 2136
457 7500 3234 2933 5556 9329 3791 6119 4867 5613 2910 469 3043 6280
259 3152 3706 2531 9989 7587 1362 3154 4653 5090 3723 6953 879 3961 3052 5899 4399
262 893 2991 3608 3092 6583 7875 6963 2078 3713 2171 3684 1538 7193 2768
415 3975 4725 6985 4888 1265 3973 2907 9144 4605 7339 4401 1242 5780 6355 876 4234
296 2046 1608 5388 1050 9477 2572 6336 9090 9008 6852 4131 9684 2847 527
330 689 1291 3479 270 4322 1136 2530 8601 1879 1561 9313 1741 7511 46
137 7963 4636 7709 4728 2655 4780 608 6808 465 5432 667 8634 4672 7305 1328 1375
183 2076 3552 7630 4823 6894 738 4717 1781 2668 4512 9796 7800 1144 6734 7519 1079
376 581 1687 2568 3184 7868 4381 8724 8513 8257 8197 9853 3269 5871 5029 4639
180 9083 9340 9763 685 4720 5287 5553 14 257 9194 2534 1923 9171 5698 7737 2260 4962
363 2225 7246 2605 3787 5188 2239 5602 9284 725 8830 9652 4053 5155 5397 4558
22 2202 4429 2215 1371 2402 6633 6413 8780 7837 5109 8824 3050 2058
149 2701 7316 3693 6942 7274 2766 7357 6671 9111 976 7267 2413
165 103 8595 4553 3270 2082 4379 5073 2128 4735 5295 6744 3304
161 2614 7298 1585 2922 9738 648 5454 4789 3084 8506 3496 1728 7013 2870 4660
408 5601 4062 8373 7550 4464 9007 6184 1711 909 3570 5780 3943 7123 3597 5277 3509 3757
95 849 632 7823 659 2422 1559 2590 4066 1085 4313 7599 513 707
39 3057 3582 9945 2224 9887 3866 5211 6105 3394 1451 6298 4847 761
390 2397 8474 6584 7217 8918 4387 1483 3185 1904 1857 8947 9219
132 5404 6573 7020 3164 203 6339 2291 5794 5163 2852 6980
312 4187 7601 7102 7542 836 9031 7204 6677 5968 5001 8166 784 1665 640
265 6471 6416 1992 3447 4677 5531 7510 5382 1226 1505 8778 7039 6285
241 8032 3508 348 9955 2630 5583 602 44 9685 1219 305 1161 9498 3195 8104
365 9651 6778 4670 9726 4038 9752 332 4272 9660 2002 8269 6070 6677 5014
487 3848 6114 7675 9150 3828 5940 8865 7706 881 9731 7395 1770 4346
4 5059 7174 6607 6859 4039 1181 3079 7228 9102 246 6258 3557 5547 3146
247 8438 2062 5112 3442 5596 8270 3096 6992 6027 695 7748 3012 8523 8068
190 9622 3467 9280 4149 7327 7431 8225 4828 3835 7180 1942 1736 8599
434 2370 1205 8915 4094 9068 6331 1845 604 1841 7218 4669 3331 960 6351 5492 8907
25 4792 4985 9507 4077 6572 1414 9015 1195 2524 4750 6628 5183 1657
255 6396 6917 3586 3818 7302 3147 7273 4290 3634 8891 3297 5030 4941 2897 2304
469 9865 6601 7656 7452 6004 3190 3544 7292 3553 3936 3292 4915 5660 7048 6528
114 8505 789 5317 5386 2500 7416 2071 2769 6389 8241 2676 5063
481 3378 5263 7825 7504 2632 5630 655 5699 5579 2158
197 6221 4744 822 9780 9890 1534 4402 9218 9690 766 4619 5950 4192 6458 8078 8900 3675 7439
109 9878 7201 6872 2059 7276 1866 6595 7536 3530 2860 8507 3653 5003
492 3504 5338 1742 3344 281 2208 3268 6493 9152 3333 2469 1944 2239 6178
191 5513 6503 214 5949 680 1645 3962 4448 9432 545 1601 9713
378 8781 212 7506 9453 1918 2009 283 9538 3640 4697 7580 7553 2198 7434 9551 7486 5122
285 2713 1003 5900 969 1961 1258 3773 5581 3920 9400 9025 8931 5111
119 1749 7772 5402 7526 687 8265 4307 6854 8101 2003 7359 7197 1391 7694 8017 5607 6359 4071
79 9101 6001 9588 4256 2401 6621 4629 552 6979 3493 3835 8143 9551 6259 955 130 6499 1560
223 7695 6052 8480 8969 3145 6571 3734 353 3613 1335 2774 1546
368 5926 9961 8446 478 947 4117 8742 1316 9970 8033 2091 2699
85 6890 3424 4243 1892 1743 1255 2085 6101 3926 9388 6250 4224 2359 3320 7749 6369
426 3198 8462 2350 3304 9582 6323 6804 4741 5927 7722 9306 2977 4787
429 4217 8060 3984 4193 9921 1210 2439 2679 6951 6279 9872 2470 4626
450 5998 6670 500 6835 114 2512 5586 6704 84 1065 9001 4884
337 2908 1613 5459 5139 716 41 9375 2799 6135 5291 663 1137 5772 8756 1858 9600
336 1646 1193 3386 1163 869 1867 7531 6990 9179 4901 2218 1195 4507 1505 3468
310 7031 6169 3226 139 555 5335 2222 2313 6199 9981 7077 7681 7622 937
397 9082 4138 1925 1652 2364 4987 3472 3612 8618
267 5683 5358 6460 3954 5662 7263 3404 2770 2755 9896 5270 6833 6836 912 742 541
290 9078 5658 8552 2492 6651 9693 6863 8239 1064 8922 6275 3703 7198 901 2404 5253 2346
78 2369 703 4391 9380 3958 1203 3460 952 493 1642 8539 7856 2230 6074 56 1140 1287
298 1957 9371 118 4203 8580 6304 5400 5008 6317 4121 7104 9055 1739
359 2185 3434 4291 7269 8571 2459 2455 3222 756 3258 2223 5771 7579
112 4215 9415 5204 3809 4963 518 6680 8191 4846 9330 574
224 2415 9300 144 4360 9298 6318 2639 2342 6488 7568 7026 3249 3081 4494 3160 2611
227 7450 23 6767 3423 5924 8015 8666 3224 986 1050 176 6216
370 5326 2523 6354 4113 7380 2573 7970 1862 4321 5909 5639 5860
18 296 5509 2408 4693 7156 4388 2203 9935 1439 6698 2210 1112 3184
430 2033 9919 3043 4709 152 5818 9255 894 329 966 6280 5718 779 9003
106 3003 7747 8088 8429 100 1638 3454 129 4078 1091 7807 1501 425 3625 7948 5448
342 6466 5693 6720 8027 2372 151 7419 8874 1299 2050 6744 8408 1224 1798 3016 2643 2454 8332
142 3200 771 2674 8809 286 8532 3068 4656 9791 413 8086 7163 9337 5033 6899
447 9886 9628 3446 2376 4708 2560 4825 9487 7759 231 9327 1083
236 1475 2798 992 8410 3338 6642 233 8290 207 7512 5471 7423 1852 3432
334 1820 6024 4257 1434 7608 8989 4007 2220 7763 9817 917 2176 6447
443 3527 4164 2607 6451 8346 1343 6444 8151 6731 2099 569 8953 2245 7664 1071 4317
403 410 3163 3590 2271 7250 1882 1553 1164 5493 2754 4051 8831 9677
45 926 3262 1776 6492 997 2049 483 5376 3722 8618 6103 4928 675 550 5019 6385 5095
317 7375 7129 9683 1347 9016 6654 5474 204 3505 523
395 6118 2834 2597 5996 3046 8920 6974 8367 4743 6687 5592 2749 6357 7234
154 1458 1139 9125 4158 3721 6922 1186 6266 172 2008 2930 2292 7178 2569
246 1617 3546 723 8397 9535 5065 7361 9809 8327 1153 8431 6334 4507 3363 6301 7630
0 1423 4293 6257 3005 4644 5097 3297 8549 790 1323 9688 3895 4938 5135 3513
107 6077 755 7025 196 8927 6038 3715 8473 8498 8093 6879 8050 239 867
55 8035 4592 9982 8260 6627 1826 7559 3778 7270 4232 9518
211 3329 1292 5651 715 4702 8291 4740 671 5236 1644 7344 5104 2518
358 6783 8044 6949 4424 111 9076 2593 9092 8986 5869 9604 662 1248 5500 6454
251 1392 392 3376 9769 982 3227 9552 5440 6048 2275 3073
274 2577 7629 3749 2823 605 7578 7566 161 4120 3381 9688
402 2378 4338 4948 6282 5123 2017 978 4900 5099 8120 3520 6423 8248
176 2384 6436 8212 2462 6959 6644 1980 979 5336 4920 5770 4905 6139 8566 2274 4045
258 5485 3315 6773 5773 47 5549 4784 4903 2267 8686 6739 7314 4870
362 6167 4659 8331 4118 3047 2144 2853 5147 9451 2920 4780 8986 5767
150 1159 5006 9735 6786 4414 745 4154 4754 8319 786 6160 9414 5070 6817 4906 7000 6281
240 5986 6899 3647 3133 6718 490 646 1432 3666 9547 2322 9800 4156 7948 8858 8145
233 110 9402 1365 3939 8635 5723 9517 6116 3178 8728 4644 5097 8922
404 4041 7603 5519 9325 290 6892 2753 1469 8868 9156 9080 2426
479 5420 1272 5448 3805 3448 3524 2909 9087 3330 1351 9140 473 2679
10 5692 6265 5350 5941 2061 3153 8895 232 1734 3673 5662 3784
222 7827 4798 2879 9829 9857 7984 9617 6821 3151 3038 9598 4749 6705 4108
328 5598 9382 7200 2238 9037 736 6255 686 2851 6424
391 1718 2726 64 4556 6208 6496 1833 209 5609 8494 9654 8375 4269 7289 8428 7361 5838 4423
319 5856 2980 1403 9758 2865 7647 1799 7208 4299 8283 9657 652 813 5112 5286 4890 9836
242 3702 8489 8128 3881 9804 1919 2634 3450 3825 5708 4093 8531 2383 4401 511
70 3588 6560 1028 3759 3169 5146 9443 3383 6309 8238 8930 783 477
72 3729 1034 7784 2824 2839 4828 7796 4666 5408 9428 7899 2396 2423 5492 3707 4923
209 9867 9994 1780 3736 6745 9802 6278 2878 7127 1322 8168 770 1552
249 9744 1953 4769 4652 9044 8883 315 1129 1981 5567 7471 9236 4504 9230
283 2485 8080 3951 4045 2936 7075 1083 850 9522 8490 7505 6926 8881 1962 3528
284 407 5663 916 2820 5443 2146 2327 6346 4452 5249 6367 6770 7542 1868
215 5398 6010 4797 1324 7010 7851 2712 8463 9997 4487 1702 2810 4034
163 2869 3260 1481 9271 9704 3218 6886 6796 624 6908 7820
335 3026 1884 6180 2969 5131 2068 2910 9655 6430 9587 7280
196 6177 5779 6520 7371 8045 216 1047 2653 3022 6731 5413 7349 1176 2409
206 326 6526 5279 1022 2417 7329 2262 3251 1398 2252 6853 6913 9290 5193
192 4296 2881 3857 5886 8275 5816 386 5572 2750 9259 3847 5802 8855 6737
407 7974 2304 497 567 6748 8805 7990 6464 3197 5565 7159 7636 9409 9908 4104 4959 3801 4021 2818 9347
493 8163 2173 5032 5624 963 2216 3263 9570 8188 4418 2951 6550
243 9365 8071 4822 9472 540 389 8208 9937 193 8267 8685
125 3322 8554 1424 5232 8713 5082 4065 5615 8457 6414 7180 1728 1839 2403 2340 5737 2550 2796 9215
455 8821 9653 8976 9049 6138 7161 2445 5887 9326 4812 5921
140 6005 6747 2419 6780 7787 9576 6209 8538 6940 8445 1294 7030 1512 2978 5849 2979 3842 3507
186 1380 2125 8459 6165 4483 5637 53 8215 7241 4348 6610 524 4886
470 2667 5367 1259 6561 5348 9943 4139 2473 9215 4591 8950 4441 4356 2554 1252
187 36 4607 598 4819 1528 8461 8449 2129 8628 575 4986 3752 88 6331 7950 7615 6765 5826 8333 2537
273 6420 6538 2629 1864 1007 4688 72 419 6781 9372 6545 7049
291 5012 688 2777 2483 735 7719 7666 3366 5991 4714 225 3700
272 1400 2066 1818 6092 7322 9358 6131 1046 2690 7653 1043 2902 8797 8053 4056 7254 7355
294 8324 5153 3101 3486 2846 1504 5875 788 9797 7117 8399 1998 5756 8863 3363
300 5896 7475 4501 8276 6882 4255 1118 9941 9608 3135 4274 7105
177 5275 8761 8056 9632 2447 820 2232 7742 1982 1710 1127 3548 7101 858 7267 4661 3823 9169 3926 5898
105 1708 7314 7904 7050 9736 4230 9615 2264 1542 5548 511 8684 6543 2169 1941 5220 9104 5846 4402 2458 7756
218 4266 7355 1288 9424 6619 2960 1514 6495 4949 8368 5466 8109 1101 8439
271 1264 8800 1623 7059 3956 7272 88 5127 9807 5840 3257 9716 5566 6146 4129 9586 673
367 5197 269 4816 5778 1932 4511 2660 503 6564 2381 9043 418 687 6486
226 1010 6082 6125 6364 3451 6421 7546 4577 9304 6662 4904 4319 4134
153 9317 2790 6041 6176 4926 661 4345 7261 6770 6035 3313 4162 1087 9040 5997 4561 7252 8325 5359 9464 155 850 7933 7790
42 5442 6242 9235 4323 9766 3241 38 5185 4840 915 58 5777 4079
498 9454 78 2610 9840 9931 2955 5614 333 7078 2538 2430 188
56 3746 1885 8137 2553 5034 9529 3100 3525 5038 5919 5887
263 5976 262 1523 4195 7029 8962 7482 4589 4003 2290 2209
289 3760 8209 2479 7533 2735 4189 1211 5142 8372 7013 3534 583
234 7594 8195 7290 8305 4510 6253 7771 3751 1627 2190 9733 5551 1110 7474 2109 7200 3630 7044 8896 367 5483 4463 6797
19 22 8111 450 5107 4808 505 8720 1201 1014 8153 6292 1950 2513 6946 8893 2019
202 9899 5885 2692 2996 8078 3506 4472 1114 9643 4842 7435 7521 7454 8418 8257 3104
123 1280 3014 9422 1572 9032 5390 3074 2421 2709 1289 9023 641 5356 2058 7256 8733 5462 9436 444
16 8835 6457 4588 3417 8175 9666 3362 7233 5155 7232 7856 896 8307
422 6036 4883 612 8687 9127 8814 1831 4694 380 6972 9649 2139 1223 1246 4437 7771 8233
64 414 944 6256 1958 1298 8481 8905 7493 4995 8912 5702
94 1107 7086 3373 2647 5362 6597 5862 7693 7714 9988 9708 6063 6962
68 1011 2150 3143 8413 5342 2850 3959 1978 8600 3932 5583 8386 6347 8185
61 1463 8342 1625 4304 9640 355 9357 1682 2787 5218 7889 6739 472 8831 2183 8183 2326 7610 9548 1498 5801
495 7931 1648 945 1898 5607 9411 1267 1033 4802 2587 3946 7116 3049 8693
57 1369 442 5798 4031 2476 8272 4225 8790 9199 9562 3293 3203
28 8046 4124 5687 7956 5525 1715 7676 7157 8042 6020 9139 4407 7513
175 7945 8610 7790 4517 5035 2379 8785 9717 5343 2297 8251 9703 5177
40 5182 3859 7321 9161 3194 3774 8199 9936 9710 6261 2057
174 2968 5141 1565 155 679 5953 2680 3596 9120 3968 6134 9948 2857 8150 7333 5656 782 2670 177 7147 2345
333 797 833 3214 8009 4229 9770 611 5861 6834 3781 8539 518 5504 7629 2735 475 3720
339 6081 8284 6494 8344 6901 4046 7665 3624 4419 9718 4481 4719 7007 828
36 5055 4574 8676 5200 2926 2559 6918 6996 4238 8739 2973
47 1893 3053 7183 7874 7210 229 3657 7234 7220 5401 2270 847 1218 7628 2157
83 7463 7392 9986 7151 240 5595 8267 3058 3463 3183 3909 9816 5187 9953 8947
115 5536 3985 603 2795 4218 2355 7849 7041 4991 8220 529 9132 6376 3051 2651 2652 3950 1981
77 4161 7824 8190 7806 9137 265 7816 7490 2079 340 3865 1869 7586 4168
327 5007 4791 8466 2471 4247 6909 9232 514 6568 7410 7167 2489 246
21 2186 2263 9583 5389 1273 8389 7082 4613 1496 7006 2335 3860 8579 7980 4622 8030
210 8808 3342 6723 439 3772 1611 492 5753 5138 928 592 7056 5316
145 9928 2939 8914 2064 1566 2189 1077 9521 3492 3777 6614 9746 5636 3458 1923
420 2295 8560 843 2609 9364 5143 1450 2950 4632 5133 4294
110 6299 5086 9093 3983 6609 8289 6312 4938 2866 6643
473 6624 9393 6749 8310 7691 5239 3732 5858 259 8081 7211 4216 8306 5520
282 2663 3854 9634 7854 8518 6353 9508 7260 4001
117 6912 5013 8864 299 699 810 7563 6588 3077 4490 4026 9089 2958 7659
89 1902 7455 3348 757 9459 5538 8278 1237 7 4755 3434
237 9743 8421 2650 8540 1802 2687 3274 9312 8753 2451
431 5722 7259 5909 8903 4377 2938 7616 899 7857 8017 8645 5224 1338
448 767 440 9761 9639 5096 9512 3080 8896 2591 950 1681 9349 206 5608 8685
122 3195 7688 6776 8043 3987 317 5103 9290 1353 2779 3456 1515 2431 7472 3113 6737 9347 6550 8685 9215 5921 3507 4886 1252 2537 7049
35 9675 6144 4572 3563 4330 1881 2835 7368 9795 5580 8690 4069 325 6771 8649
357 4344 8405 1012 1148 2354 6328 6733 8420 2856 6332 1542 774
147 4654 5017 9714 7873 3681 1727 352 657 4649 6137 8836 3186
275 8001 7940 102 6774 8931 4421 3044 7799 4860 4240 591 6511
131 2258 263 6647 7530 7223 5130 7379 8982 8549 790
413 5508 8468 1603 8636 5285 9555 8882 417 2205 488 8174 1900 6073 3093 6772 457 6630 8344
331 6626 2391 8177 8746 6928 844 7828 9142 4988 7057 1164 3190 9425
451 2309 4555 8626 1801 6993 3886 8788 3564 1554 4913 9837 5981
295 6498 8150 2788 6074 3897 7653 5517 1001 6502 323 5472 6311 9378 9305 6269 9898
26 5961 4856 6826 1019 6920 4977 5170 6170 9530 6121 276 1562 279
207 6934 6262 8894 9245 271 8496 4054 8194 1620 1586 4624 8464 9083 1153
496 8799 5933 536 5168 1166 1571 5647 314 2975 2045 585
268 1577 5148 8125 6476 2460 1548 4716 2730 3717 5677 5785 7058 6652 4784 3326 4907 3064
37 4737 4976 2997 6952 4050 3034 6316 54 9723
424 8075 3991 7103 8942 7808 4303 5563 863 7126 2752 1834 9623 4727 2444
34 2331 7817 5251 345 9440 154 5247 2065 2255 4115
201 9557 9950 5611 9694 3670 4327 8064 1628 3913 7454 6400 2583 6095 9940 5251 9955 8580 3533 4442 4367 4760
326 5725 4568 5537 5520 244 6873 8470 9348 4550 7540 4252 9376 6053
323 113 8733 1104 4497 2413 1657 6000 7406 6398 6505 7415 2800 2628 7135 1761
438 123 4826 758 1317 4342 8717 6791 5349 7755 9825 5384 2765 2970 6696
414 2575 489 1725 3219 7097 8171 7846 9181 3049 5414 1844
456 2211 748 3929 1183 6667 8358 3864 9962 818 9574 8749
116 3041 2554 6329 6091 2102 663 5755 6241 9711 2127 3933 1779
466 1086 5415 7918 9157 868 2153 2318 9004 3659 7519 763 8110 5655
324 9030 2951 5999 3108 2324 5434 6087 3098 8972 6434 9783 1426 4970 3873
2 8750 7611 3745 7215 7925 6506 1905 2515 6251 1339 1167 5383 2932 7698
458 5799 7728 6107 3710 2626 6274 846 6071 1671 9964 5895 2060 3172 269
459 4593 3279 4757 573 6944 3171 8141 4127 9254
129 2228 7598 2925 3827 6641 9332 343 9196 5603 4532 9366 7191 5948 3053
74 9225 2871 8057 9593 6606 6824 3580 5203 2935 5925 6829
135 5258 1459 2979 8089 3512 7331 7907 3841 8090 2842 7055 4631 5554 4566 5992 1877
6 4721 6468 2586 3660 2486 7474 5330 3536 4558 4704 3375 4356 7459
325 3532 9110 4350 6741 5850 7589 197 9081 2828 6785 4343 9480 9354 6945 7932 5038 7085 3751
235 2941 9208 122 6369 2892 616 1807 4093 3800 9209 7859 1817 137 3125 7922 6842 683 709
375 5273 6330 7377 9483 793 5444 1200 8671 7295 1840 219 1805 6702 8856 8106
23 6598 4060 7118 1581 5359 4134 523 7484 7562 5481 1357 712 1716 9056 3453
138 7489 7903 4563 132 9478 5004 1202 1394 8936 6445 522 2191 2608
221 4893 8 8556 8652 8844 2338 8899 694 9407 3750 8302 5439 7234 2569 7630 3513 867 9518 2518 6454 3073 9688 8248 4045
379 5575 1290 7171 1686 3892 6229 364 2383 190 7181 3102 2698 5198 4378
17 2602 9123 5678 6295 7713 9728 3024 1084 2289 1935 4086 2863 4517 7842 8256
59 5532 1963 6706 9646 9671 8173 131 1230 6157 9740 2719 9470 1293
423 5750 5379 5965 7338 8818 3541 6536 1377 4806 3268 6898
348 1616 3989 9846 3138 9222 889 4061 9540 4439 6378 1460
9 6425 5825 4340 9636 4140 1032 9265 7352 4761 4683 5604 865 8218 9892
392 3180 3425 8361 7216 4838 6775 1138 5427 5898 4640 6511 8136 8210 1329 3229 9719
171 7865 8670 1488 6602 6315 7975 4033 1102 4505 2125
248 5573 1169 2627 3691 7910 6737 5838 6740 9025 9238 8862 9065 96 4884 9600 3468 937 8618 541 2346 1287 1739 7579 574 2611 6216
54 1640 9413 3616 5842 8123 713 5085 1693 5135 3405
441 3542 9146 2987 9334 2657 6876 5903 8706 5695 7210 9120 5964 1150 6061 9580 7569
157 1435 5872 7072 5375 4242 5395 2751 954 551 2596 5866 496 2085 8022 5349
396 3937 6102 3211 336 1302 535 7966 7610 6373 7424 1631 7564 4749 1009 622
90 7547 4177 7281 9722 5053 7702 1142 8351 6479 9586 4966 2617 9449 5299 5896
193 1664 1940 1133 5895 4586 5244 5020 4168 4999 1396 7358 6688 4152 9652
488 7558 7376 5774 8879 3119 7622 5724 4777 4179 2791 838 2044 2803 6022
5 6519 1208 7382 1908 7399 7414 1336 2406 3743 4486 949 3700 7355 3363 7105 5898 7756 8439 673 6486 4134 9040
189 6370 4531 6582 8966 9370 4226 7993 4519 4513 8501 4361 9260 4047 1560 6487 9349 7367 7929 1986 1066 9032 2595 5006 7029
398 1626 202 8613 4427 1035 5626 5797 8127 3997 6539 5810 8987 8414 6305 1405
452 4132 7123 475 7981 5051 5781 9458 6919 3784 7954 2503 5383 3694 3726
288 3698 2737 8592 5321 3167 7740 2708 5416 7933 1851 4205 5995 6980 640 6285 8104 5014 4346 3146 8068 8599 8907 1657 2304 6528 5063
432 8169 2024 7132 9803 5229 1456 3718 6708 7804 49 1555 2607 8925 6226
12 8416 5522 3888 1020 2034 6226 5948 141 4766 5682 191 690 7956
374 8234 4442 1140 67 8908 1697 8870 8185 9117 7440 2522 5410 5747 3961 3703 2673 8450 4912 5966 4004 9565 6028
76 4982 8013 7569 519 8004 1319 5546 4698 8904 9086 2505 3781 106 62 1206 405 1139 8844 6949 9970
181 8625 2043 3600 8000 507 6154 7141 7023 1536 8320 9192 4680 2486 7392
253 6989 7650 4175 4724 9511 3629 8711 785 2868 6512 228 6509 8167
302 3526 6755 8114 2773 3337 8955 9122 5952 3804 4696
372 6271 6803 3900 3039 1172 8230 823 3696 1401 5228 697 1348 7320 3285 6029 3089 2005 9008 4501 8227 8484 6687 3541 3240 2875 4457 9107 8121
14 3464 9450 5795 9035 1262 4076 273 8885 9442 8841 1081 5710
366 5280 4969 7317 1558 761 8246 9662 8653 1672 9608
179 2214 2844 8097 4418 6117 8747 1416 4552 4965 7396 6415 7049 1466 7004 7699
299 5958 9427 5527 1197 3405 2032 2195 6235 972 5800 8337
341 2020 7130 7062 8952 3391 590 3539 1444 9949 708 2867 3331
386 5600 2707 8116 7057 8484 2781 1883 1666 8954 9230 6337 9420 9968 6903 6276 5334 393
478 5066 8520 2883 5497 9003 5980 7999 2916 5437 1926 8441 3707 2668 9623 5239 295 6625 1580 4606
440 7125 5364 1724 1556 2804 5852 1471 1374 6874 425 7688 5141 3236 1504
477 6523 9403 7986 7700 5124 86 9548 7908 9456 4359 2074 3665 712 7899 4752 3380 9510 4843
52 2167 1880 2494 6108 3473 5308 8566 8731 5871 9555 3491 4068 660
412 5618 7350 8901 609 9337 6394 1093 1390 2253 2794 9604 4354
293 9289 5897 149 2305 7996 5917 8245 2673 4600 9624 3907 57 9395 7105 6112 4670
421 215 3449 3230 253 3457 1427 4873 7842 3910 6534 2201 9112 8773 469 7138
101 7427 401 8572 2468 896 7330 1445 7362 2840 9338 182
173 3928 9160 8226 4470 27 8106 8796 8511 2464 2112 7448 1912 874
292 5391 6474 1552 2857 8231 2332 7597 8376 2819 3440 1654
467 8867 85 8390 7043 7258 3445 1655 8614 8256 8940 4350 2707 1904 2538 2929 2600 5645 9205 9733 2146
128 8757 7876 9957 2475 5657 1723 613 4941 9256 6787 9027 4994 647 2412 8169 2927 6099 1123 9594
313 5631 1352 1482 9775 1849 9153 0 1673 5713 6381 4293 1916
229 4939 7288 320 5126 7795 4866 760 9248 2516 4042 9659 5561 4314 6017 6084
449 7937 3323 8179 6447 8118 7367 80 3199 227 9682 4212 5810 9302 2557 3474 6729 5214
155 5854 1595 8586 5445 7351 6109 9203 1192 3518 1227 3203 5815 6124
172 6307 4573 3545 9089 278 1855 287 3632 9954 684 8845 7706 7243
266 4954 3326 272 9493 3966 8547 7142 5504 1348 9939 4580 1814 3795 117 4389 9626 9751
87 1757 7114 7486 4865 5041 3422 374 759 6417 9920 3267 510 7790 4079 188 5887 2209 583 6797 2019 3104 444 8307
321 8846 8392 9473 7348 1770 2164 6801 1295 4315 6550 8897 9640
169 5468 9216 279 5192 2911 4964 5676 8548 5751 2608 1695 4048 8259 454 3303 4060 8092 3320 2003 5163 9260
353 4539 3737 26 5739 7212 3372 7037 6665 3839 4200 3374 2382 1780 6748 6464 9757
124 6936 1038 7303 9079 9786 7651 7385 3852 2537 5740 8015
13 3017 2124 3637 7810 2111 2314 2669 1309 2741
170 5757 1346 7477 5298 780 7170 312 143 2570 9043 2858 1145 2533 4151 8235 200 6920 4027 5788 6153 5386 1710 5783 4129 5451 300 1256 2898 3964 2773 8920
244 8077 43 5158 719 2821 6408 9386 379 5241 5339 6448 8148 1174 6326 4282 8726
7 4541 7437 5679 7459 7642 6351 6249 8768 4880 2918 1515 6509 3706
188 3622 7602 4079 4382 8079 8789 8624 5068 537 726 5045 3072 3500 7740 6336
307 2636 4785 1722 7346 8948 4862 171 9661 4345 2485 8008 755 8880
99 3628 5587 1479 9692 9577 5864 6646 4363 835 7213 3837
65 4181 8744 6675 7687 8263 8743 4253 9464 1871 5628 8990 5075 7525 5254 4928 2064 4965 3750 9758 8609
279 532 1476 2962 8430 6064 6313 8612 230 2622 7443 2263 9036 8601 6631 8049 8210
86 5024 7738 7841 2815 2168 6155 3867 2038 3106 5890 5996 4520
24 9067 1694 9115 4705 8967 6991 631 7028 8793 7381 1227
380 8432 1984 2453 3771 3129 6752 7654 2529 8049 8812 692 455 2158 7439 5003 6178 9713 5122 5111 4071 1560 1546 2699 6369 4787 4626
309 7516 5451 325 3048 3172 3243 1570 30 1606 2233 4159 2565 8374 781 1828 658 9050 1822 75 6391 6492 8423 3958 1391
344 8727 2745 6540 2192 4799 3567 7897 3357 706 3415 8609 1721 385
200 7946 5555 4713 9038 7843 7507 5731 1994 6234 1570
152 5835 4173 3535 626 1823 6300 1972 7786 8898 1179 7289 2508
352 808 3469 3432 3298 961 6366 3419 7883 4328 2242 2074
130 8740 8434 9036 7074 5268 3752 6914 9523 6691 5307 7076 4870 5767 6281 8145 8922 2426 2679 3784 4108 6424 4423 9836
217 6577 7686 5868 9172 5880 4222 774 2100 8926 3380 8377 5000 7063 9514 7949 5783 9775 7755 7213
453 8192 188 3181 9712 8584 8252 6658 599 3351 9995
287 6207 9619 799 5957 5664 5235 2555 5550 5278 1847 4801 1601 135 8343 7481 1571 3914 8345 7206 9444 776 443 6306 3944 8183 6608 6067 719
213 7021 6837 9416 913 1615 7821 179 8240 6067 3251 5090 2192 6549 557 9993 9777 5758 2475
416 3626 4804 4706 4035 5701 3364 5706 7852 5332 7617 775 7068 2923 977 8887
194 6190 6750 8907 6558 8250 1952 930 7663 4233 9602 5874 9764 3099 7221 9633
318 8147 4150 3981 8637 9567 2458 9785 2645 2621 3300 1761 2682 447 6451
203 4763 6590 7901 5690 5707 884 3066 3007 1555 8648 8269 4948 2760 1025 5543 6982 5304 9947 1260 3079
51 5320 754 7840 3086 7844 2143 1233 8025 726 220 332 2028 3354
340 4480 3639 5079 5433 1279 8176 3256 2126 501 3502 7833 9027 7419
472 5476 4393 9760 7136 3899 3379 7577 7609 2502 7549 1248 6387 6615
383 4084 2882 1942 7639 4018 7333 175 3316 1040 9129 7716 1753 1759 458 6198
232 7633 7353 3130 9130 4810 160 4237 4542 7568 7495
446 9266 4037 5526 7027 8322 7481 8847 411 2961 242 1997 7488
316 2448 7466 940 136 8357 1991 2395 7845 7710 395 5097 8140 952 552 7795 8883 7204 1401 2136 3043 6280 5899 4399
354 4111 6617 1976 3644 2160 3705 9575 1815 5119 5245 7369 5742
387 4367 4280 4857 7585 9995 7960 9261 1717 1242 1341 1373 2412 2236 79 1474 9720 328 7163 6203 2107 5323 7896
475 1624 5668 445 4410 5230 428 8018 3982 5729 1061 3827 108 8728 3243 4988 7087 5149 9822
471 980 7318 159 1634 2094 5639 9431 8084 5766 1145 6324 4520 2826 6236 4011 6675 8958 5993 860 9004
29 6058 496 351 4474 3494 9207 6961 6865 6130 8605 4416 7567 2565 7126 6324 9211
461 1350 87 7917 3020 4399 2890 3808 3294 6149 6866 9831 5942
159 9495 4648 9019 3869 7195 457 4258 2213 2284 3202 4099
67 9606 6676 6594 7426 7249 1306 7720 9745 8178 3547 8815 1236 1557 8794 7968 105 6712 1289 139 6465 843 6470 1784 1042 647 4824 1149 5156 6020 2128 9669 5917 9461 84 3006 76 3377 2052 8487 2480 369 3004 399
286 52 304 2463 6823 506 1312 6507 4014 5768 8932 145 2966
198 5622 8159 168 6292 255 5710 4351 3261 3045 1021 1342 2615 7266 1383 3111 4531 2904 8470 6986 8830 205 6467 7219 5643 7713 450 9160 4341 2704 6404 3753 5322 1524 4679 4728 8212 6482 7852 7285 3077 1763 6458 4624 6082 2630 8495 5248 2685 1454 9990 1752 6141 5341 8663
3 2279 578 8040 6379 871 4821 7115 3392 1796 9265 2790 5099 2114 1058 4958 7133 7001 2437 3232 1496 5326 8116 7759 838 8832 311 6296 5775 625 7902 5862 2422 1353 732 5446 9374 9404 1731 9573 8062 2182 1956 8498 6161 8462
164 3283 2172 1157 7307 9566 560 7921 101 2063 9607 6170 374 7 2175 116 7179 7669 9138 5821 5175 5053 4107 6187 4786 4539 9483 9731 6611 4400 3427 8396 7012 2414
428 4196 267 9558 9062 50 7294 4811 9268 9481 1660 6889 8512 1647 7919 1476 8209 6270 2439 4385 6428 5752 9979 8848 3905 208 1790 951 9465 7874
53 7638 3522 2540 5044 627 4564 9114 4956 3286 3870 376 7788 4302 1305
81 2367 2885 3182 895 1276 4646 8167 7453 3762 5157 4878 247 1642
104 9258 1252 9318 3719 3345 83 3977 5849 9301 8010 2747 7278 2232 7039
31 9676 4178 8722 5011 5552 2818 8600 5093 6332 5617 7697 9159 3992 7285 4063
356 3291 8529 4695 9734 9847 8394 2414 4525 6986 8343 5845 1150 4092 2077 4993 1538 9045 643
411 4751 3677 6358 765 1321 1105 9509 6937 241 3334 5397 4558 3050 2058 7267 2413 6744 3304 2870 4660 3509 3757 707 761 9219
484 3780 6248 7660 3002 6094 187 8760 8142 2373 2900 7304 5636
462 8295 8697 8748 7205 4484 6163 7753 8522 8698 1245 3056 7008 7912 3574 1948
214 2504 8708 8371 170 5728 7890 8418 3408 9099 9571 5860 3184 9003 5448 8332 6899 1083 3432 6447 4317 9677 5095 523
314 4279 3264 1865 1120 9005 9998 7762 9832 6567 6475 4214 307
205 6878 3584 4106 2895 4251 477 3067 245 1546 8236 1344 7924 5904 1465
239 8253 9315 9668 5533 2231 3418 741 1188 4594 9735
126 2811 412 8917 8710 8949 7833 9616 740 3505 4671 8447 792 4015 512 5054
134 8152 5705 1637 5503 7150 9457 2035 2678 901 3543 1670
405 1043 9642 1029 4369 2732 9018 6356 8202 1950 7863 5621 9176 1583 4359
269 7299 8531 6640 4438 437 9695 4292 1574 5297 6260 8254 9241 4341
460 1135 5337 2386 4946 5355 7522 1361 3921 4610 3597 4110
474 2411 6599 5501 6294 6537 2301 4527 1349 907 7879 3754 9972 3720
491 3556 5936 9611 6245 8488 9824 5591 1275
219 1308 2699 9635 9900 7877 3953 9351 1968 6529 5088 8934 8776 9991 3731 638 5979 8696
38 7036 7939 2644 4726 6054 2135 4333 4027 8881 8037 5069 1590 4100 210 2677 6503 7895 3723 2577
490 5495 1975 4807 8402 2872 6215 6483 9767 4619 2491 3207 1091 4222 9933 7987 6060 6895 6855 1607
436 4569 9475 2337 4017 6179 3240 2047 9063 794 9050 3569 5339 267 3119 4957 9709 9191 2589 7379 3869
46 2152 21 4788 6777 6541 8734 1582 8981 2934 3935 2183 1572 8713 7787
151 9823 8822 3537 3856 3573 5578 4551 1663 358 2105 1423 5400 7733 2113 7634
315 9308 6465 3013 6973 4854 7626 3144 6033 8227 8425 8380 9999 6764 910 3383
44 8011 7881 4080 1662 4223 42 1244 6426 3284 7602
148 3277 4107 8705 2640 1246 4136 9492 9871 9273 6338 9108 9673 6851 1628
212 3475 5473 7797 6085 7301 8031 3764 4148 1170 8195
199 3995 2006 6402 1520 2457 5276 3242 5369 5964
133 5161 3838 8813 6068 4576 6608 8819 3411 5370 90 5288 9579 6955 560 30
252 7588 956 5328 1698 6893 9200 724 9502 8900 7770 110 437 8146
41 2744 7977 9585 6287 6469 2532 3950 5564 6840 7736 9363 4133 6343 9021 7216
225 5559 739 2827 3797 7451 7895 9905 1669 9047 7095 1788 2321 2212 4616 7641
304 769 5261 9274 8388 6152 3025 5654 2450 6592 2958 8055 1786 7436 1711
220 1507 4411 7014 6805 7499 108 9959 5712 8492 6843 5351
425 398 7961 28 5577 3822 8700 1167 6059 2843 6857 9563 3783 9930 7575 238 4664 7517 7736 3376 5677 1134 1429 4909 9903 9270 8716 148 4176 6672 6635 3602 3885 9139 6134 9224 6778 9453 3316 4377 925 4311 9834 6049 5458 9301 8043 199 1125 9197 1117 9299 3728 8722 3584 2892 2666 3586 8671 6044 1121 7864 9013 9615 7055 5445 8193 8284 4527 8910 420
483 3406 4010 2665 2816 7749 6705 653 3035 6183 3393 949 3561 3061 468 3537 6922
32 5246 1407 390 6302 1529 7262 9051 5399 250 7606 6115 545 2774 2867 6071
257 9184 285 8963 3037 1293 7998 2635 4248 3476 2330 6423 5668 1898
136 7680 8515 1917 3027 4097 6798 8264 8801 4892 1223 5418
338 147 2740 2785 3347 3684 3999 218 1212 2963 3085 3020 8775 8189 2095 133
75 9316 3189 8423 1055 1337 8443 6921 3193 2001 6164 316 9013 9637 9463 6011
486 3137 1516 4538 456 1989 7861 2670 6470 7326 2501 5764 8999 5446 3135 329
264 864 3110 6516 8076 4590 4318 806 1969 511 477 4923 1552 9230 3528 1868 4034 7820 7280 2409 5193
245 7444 2972 9686 4923 3931 2666 4638 8737 1890 6652 8363 3117 857 1939 1658
63 2598 7718 7383 491 6281 5259 2721 4326 7915 7591 1323 9688 3895 8081 4567
410 1889 8224 4760 9275 6487 6360 2564 5202 6696 6104 8085 6192 7124 3643 2264 3792 7782 4180 4170 1871 7791 8105 7545 4967 9178 6967 8069 3261 9852 753 7088 1216 1750 1934 6014 847 1670 780 3981 2407 7992
238 3673 8596 183 2109 7438 1591 7387 8816 2404 4684 3301 9022 5730 6621 2732 4091 5457 5401 5885 9720 1831 7162 921
141 9781 2695 7064 7069 5365 1137 3932 2595 6480 6724 3071 8068 983 935 4449 6115 5654 9496 3498 6554
385 2638 6518 2389 2704 905 7721 8911 4877 6766 1930 4951 3826 676
409 8164 9474 1235 6441 2416 5597 1569 7991 4909 6034 6853 3667 934
329 9389 2067 2014 5353 7066 6216 8072 6585 5901 6861 4145 6347
103 2551 8287 6410 6186 7835 1897 4627 7304 8887 1838 5990 7742 9014 7861 6802 6100 9806 6671
8 1072 482 7503 6267 5754 854 6639 6224 10 728 8300
82 5680 1128 3714 2900 361 1632 9293 372 142 8837 5661 9484 2000
1 779 9305 6213 915 8469 366 5634 815 7193 2768 876 4234 2847 527 7511 46 1328 1375 7519 1079 5029 4639 2260 4962
256 7311 802 8012 1901 1537 9488 5252 1409 8687 2752 730 4528 866 254
276 3278 6722 195 6397 1059 883 4434 3711 7356 6011 3605 438 9476
355 4275 4874 2759 9224 1175 2723 8707 5653 1964 5744 6254
381 6548 5994 3501 1339 163 2365 1938 656 3308 7752 3704 8958 9164 834
427 3102 3765 1364 7425 6057 3015 6656 5822 3390 2165 7152 205 2240 2962 79 321 2 5715 935 1668 3012 2555 8994 9968 9007 6613 2288 7153 7652 3894 9533 6938 427 5962 3074 7949 7762 3936 5412 2986 4199 3877 979 7699 8125 3982 9244 9842 5880 7438 2643 7883 1774 8491 5762 5748 2121 9545 6547 6101 7413 8387 7296 1299 4035 8134 4855 4020 5340 6827 7120 8406 5507 6258 2340 745 1534 4314 4901 1984 6327 7240 3830 8005 9848 3836 3032 6692 4326 2327 5869 569 259 3758 9075 1979 6030 5064 6054 3543 7709 8644 447 9129 5437 7732 8293 4352 5848 6021 4765 412 7880 352 8431 6538 2155 6584 5219 3371 2013 9199 1625 8711 3144 1105 6534 7429 3023 7997 8130 1238 3103 4340 4985 5307 183 3521 8812 3163 1343 6537
92 4942 4153 668 2296 4869 7887 2083 2150 5548 1638 7786 4717
350 2588 7767 7792 396 6746 4612 3148 284 5920 6728 1430 3022 3795 9965 1510
98 5568 1719 2243 3902 4241 2848 9463 8382 9691 3121 1737
204 423 4437 3310 8387 8732 1907 9664 9096 6725 1006 4040 220 5333
345 3459 5300 6148 3388 8866 4924 571 7277 4587 1829 4858
184 6217 4450 4801 2385 4324 8247 6709 5590 461 1430 4647 8841 9443 8528 2322 1358 5902 7053 2983 991 9467 2349 221 6978 9659 6545 5072
280 4947 4456 1156 5988 448 4663 6674 6187 5700 6497 8248 5295 5572 2100 7077 8908 6875 5043 3343
178 1440 4489 8598 696 2007 5293 1468 8678 9755 6699 2184 8651 2739 7744
343 2676 8495 213 6218 6849 8889 1861 2718 9852 5738 6063 95 7308 6962 7725 6046 9281 5318
228 996 6428 7085 6419 6382 6736 1762 2998 3821 7965 6630 5169 7169 1756
369 5104 9462 7741 4354 8508 2491 6251 6683 5257 7971 8219 408 8237 2970 8850
73 1973 8352 768 6941 6547 4703 4914 750 169 5301 2943 5784 7806 9023 2662 7751 3379 4526 3395 6196 4362 9086 650 3158 6360 9931 3106 3113 7456 4286 476
278 4596 8644 3716 2488 1092 7554 7927 720 9485 3236 8328 8672 1387
346 4206 1806 9554 135 3158 3614 7373 1239 8994 8978 8509 9445 6473
454 7537 8693 9541 8440 3882 1583 7826 1678 7911 7196 5891 5502 6929 7684
361 9808 8924 3350 6433 7727 7574 3840 541 5839 5860 6542 7173
80 8703 3216 2349 691 6205 5022 798 9526 8641 1611 2650 1799 6790 5194 6390 5212 250 9114
102 7293 2274 1602 9650 2536 5284 5456 828 7734 7521 8145 2569 9344 6525 8332 6566 6588 3937
93 6181 6669 8022 3837 7386 4782 5867 5863 6925 4032 7556 7160 734 3664
417 4499 1115 1641 3401 634 5172 45 521 8536 9073 5502 718 5726
182 7309 1793 3846 8858 9470 4832 7022 6556 8804 8715 2953 9380
332 4169 5625 5292 5046 4044 7042 6810 6631 5892 9918 2497 2247 3841
